-------------------------------------------------------------------------------
Test set: ua.lviv.iot.manager.WartechnicManagerTest
-------------------------------------------------------------------------------
Tests run: 1, Failures: 1, Errors: 0, Skipped: 0, Time elapsed: 0.019 sec <<< FAILURE!
ua.lviv.iot.manager.WartechnicManagerTest.testFindTechnicByFuelConsumption()  Time elapsed: 0.017 sec  <<< FAILURE!
java.lang.NullPointerException
	at ua.lviv.iot.manager.WartechnicManagerTest.testFindTechnicByFuelConsumption(WartechnicManagerTest.java:21)

